# JRE version: OpenJDK Runtime Environment Temurin-21.0.10+7 (21.0.10+7) (build 21.0.10+7-LTS)
# Java VM: OpenJDK 64-Bit Server VM Temurin-21.0.10+7 (21.0.10+7-LTS, mixed mode, sharing, tiered, compressed oops, compressed class ptrs, parallel gc, windows-amd64)
GC Precious Log:
 CardTable entry size: 512
 CPUs: 12 total, 12 available
 Memory: 7521M
 Large Page Support: Disabled
 NUMA Support: Disabled
 Compressed Oops: Enabled (32-bit)
 Alignments: Space 512K, Generation 512K, Heap 2M
 Heap Min Capacity: 100M
 Heap Initial Capacity: 100M
 Heap Max Capacity: 2G
 Pre-touch: Disabled
 Parallel Workers: 10
Heap:
 PSYoungGen      total 36352K, used 23692K [0x00000000d5580000, 0x00000000d8300000, 0x0000000100000000)
  eden space 34304K, 63% used [0x00000000d5580000,0x00000000d6acb2c0,0x00000000d7700000)
  from space 2048K, 92% used [0x00000000d7f80000,0x00000000d8157e70,0x00000000d8180000)
  to   space 1536K, 0% used [0x00000000d8180000,0x00000000d8180000,0x00000000d8300000)
 ParOldGen       total 68608K, used 34790K [0x0000000080000000, 0x0000000084300000, 0x00000000d5580000)
  object space 68608K, 50% used [0x0000000080000000,0x00000000821f9b48,0x0000000084300000)
 Metaspace       used 40290K, committed 41280K, reserved 1114112K
  class space    used 4039K, committed 4480K, reserved 1048576K
GC Heap History (20 events):
Event: 50.913 GC heap before
{Heap before GC invocations=26 (full 1):
 PSYoungGen      total 43008K, used 43008K [0x00000000d5580000, 0x00000000d9480000, 0x0000000100000000)
  eden space 42496K, 100% used [0x00000000d5580000,0x00000000d7f00000,0x00000000d7f00000)
  from space 512K, 100% used [0x00000000d8100000,0x00000000d8180000,0x00000000d8180000)
  to   space 2048K, 0% used [0x00000000d7f00000,0x00000000d7f00000,0x00000000d8100000)
 ParOldGen       total 68608K, used 25716K [0x0000000080000000, 0x0000000084300000, 0x00000000d5580000)
  object space 68608K, 37% used [0x0000000080000000,0x000000008191d360,0x0000000084300000)
 Metaspace       used 32231K, committed 33088K, reserved 1114112K
  class space    used 3196K, committed 3584K, reserved 1048576K
}
Event: 50.914 GC heap after
{Heap after GC invocations=26 (full 1):
 PSYoungGen      total 42496K, used 1024K [0x00000000d5580000, 0x00000000d8180000, 0x0000000100000000)
  eden space 41472K, 0% used [0x00000000d5580000,0x00000000d5580000,0x00000000d7e00000)
  from space 1024K, 100% used [0x00000000d7f00000,0x00000000d8000000,0x00000000d8000000)
  to   space 1536K, 0% used [0x00000000d8000000,0x00000000d8000000,0x00000000d8180000)
 ParOldGen       total 68608K, used 25892K [0x0000000080000000, 0x0000000084300000, 0x00000000d5580000)
  object space 68608K, 37% used [0x0000000080000000,0x0000000081949360,0x0000000084300000)
 Metaspace       used 32231K, committed 33088K, reserved 1114112K
  class space    used 3196K, committed 3584K, reserved 1048576K
}
Event: 52.558 GC heap before
{Heap before GC invocations=27 (full 1):
 PSYoungGen      total 42496K, used 42496K [0x00000000d5580000, 0x00000000d8180000, 0x0000000100000000)
  eden space 41472K, 100% used [0x00000000d5580000,0x00000000d7e00000,0x00000000d7e00000)
  from space 1024K, 100% used [0x00000000d7f00000,0x00000000d8000000,0x00000000d8000000)
  to   space 1536K, 0% used [0x00000000d8000000,0x00000000d8000000,0x00000000d8180000)
 ParOldGen       total 68608K, used 25892K [0x0000000080000000, 0x0000000084300000, 0x00000000d5580000)
  object space 68608K, 37% used [0x0000000080000000,0x0000000081949360,0x0000000084300000)
 Metaspace       used 33399K, committed 34304K, reserved 1114112K
  class space    used 3307K, committed 3712K, reserved 1048576K
}
Event: 52.570 GC heap after
{Heap after GC invocations=27 (full 1):
 PSYoungGen      total 41984K, used 1298K [0x00000000d5580000, 0x00000000d8180000, 0x0000000100000000)
  eden space 40448K, 0% used [0x00000000d5580000,0x00000000d5580000,0x00000000d7d00000)
  from space 1536K, 84% used [0x00000000d8000000,0x00000000d8144990,0x00000000d8180000)
  to   space 1536K, 0% used [0x00000000d7e80000,0x00000000d7e80000,0x00000000d8000000)
 ParOldGen       total 68608K, used 26692K [0x0000000080000000, 0x0000000084300000, 0x00000000d5580000)
  object space 68608K, 38% used [0x0000000080000000,0x0000000081a11360,0x0000000084300000)
 Metaspace       used 33399K, committed 34304K, reserved 1114112K
  class space    used 3307K, committed 3712K, reserved 1048576K
}
Event: 52.729 GC heap before
{Heap before GC invocations=28 (full 1):
 PSYoungGen      total 41984K, used 41746K [0x00000000d5580000, 0x00000000d8180000, 0x0000000100000000)
  eden space 40448K, 100% used [0x00000000d5580000,0x00000000d7d00000,0x00000000d7d00000)
  from space 1536K, 84% used [0x00000000d8000000,0x00000000d8144990,0x00000000d8180000)
  to   space 1536K, 0% used [0x00000000d7e80000,0x00000000d7e80000,0x00000000d8000000)
 ParOldGen       total 68608K, used 26692K [0x0000000080000000, 0x0000000084300000, 0x00000000d5580000)
  object space 68608K, 38% used [0x0000000080000000,0x0000000081a11360,0x0000000084300000)
 Metaspace       used 33557K, committed 34432K, reserved 1114112K
  class space    used 3323K, committed 3712K, reserved 1048576K
}
Event: 52.738 GC heap after
{Heap after GC invocations=28 (full 1):
 PSYoungGen      total 40960K, used 1526K [0x00000000d5580000, 0x00000000d9200000, 0x0000000100000000)
  eden space 39424K, 0% used [0x00000000d5580000,0x00000000d5580000,0x00000000d7c00000)
  from space 1536K, 99% used [0x00000000d7e80000,0x00000000d7ffd8b0,0x00000000d8000000)
  to   space 11264K, 0% used [0x00000000d8700000,0x00000000d8700000,0x00000000d9200000)
 ParOldGen       total 68608K, used 34955K [0x0000000080000000, 0x0000000084300000, 0x00000000d5580000)
  object space 68608K, 50% used [0x0000000080000000,0x0000000082222f30,0x0000000084300000)
 Metaspace       used 33557K, committed 34432K, reserved 1114112K
  class space    used 3323K, committed 3712K, reserved 1048576K
}
Event: 53.040 GC heap before
{Heap before GC invocations=29 (full 1):
 PSYoungGen      total 40960K, used 40950K [0x00000000d5580000, 0x00000000d9200000, 0x0000000100000000)
  eden space 39424K, 100% used [0x00000000d5580000,0x00000000d7c00000,0x00000000d7c00000)
  from space 1536K, 99% used [0x00000000d7e80000,0x00000000d7ffd8b0,0x00000000d8000000)
  to   space 11264K, 0% used [0x00000000d8700000,0x00000000d8700000,0x00000000d9200000)
 ParOldGen       total 68608K, used 34955K [0x0000000080000000, 0x0000000084300000, 0x00000000d5580000)
  object space 68608K, 50% used [0x0000000080000000,0x0000000082222f30,0x0000000084300000)
 Metaspace       used 33950K, committed 34816K, reserved 1114112K
  class space    used 3380K, committed 3776K, reserved 1048576K
}
Event: 53.046 GC heap after
{Heap after GC invocations=29 (full 1):
 PSYoungGen      total 44032K, used 5245K [0x00000000d5580000, 0x00000000d8c80000, 0x0000000100000000)
  eden space 38400K, 0% used [0x00000000d5580000,0x00000000d5580000,0x00000000d7b00000)
  from space 5632K, 93% used [0x00000000d8700000,0x00000000d8c1f5e8,0x00000000d8c80000)
  to   space 7168K, 0% used [0x00000000d7e80000,0x00000000d7e80000,0x00000000d8580000)
 ParOldGen       total 68608K, used 36005K [0x0000000080000000, 0x0000000084300000, 0x00000000d5580000)
  object space 68608K, 52% used [0x0000000080000000,0x0000000082329730,0x0000000084300000)
 Metaspace       used 33950K, committed 34816K, reserved 1114112K
  class space    used 3380K, committed 3776K, reserved 1048576K
}
Event: 53.210 GC heap before
{Heap before GC invocations=30 (full 1):
 PSYoungGen      total 44032K, used 43645K [0x00000000d5580000, 0x00000000d8c80000, 0x0000000100000000)
  eden space 38400K, 100% used [0x00000000d5580000,0x00000000d7b00000,0x00000000d7b00000)
  from space 5632K, 93% used [0x00000000d8700000,0x00000000d8c1f5e8,0x00000000d8c80000)
  to   space 7168K, 0% used [0x00000000d7e80000,0x00000000d7e80000,0x00000000d8580000)
 ParOldGen       total 68608K, used 36005K [0x0000000080000000, 0x0000000084300000, 0x00000000d5580000)
  object space 68608K, 52% used [0x0000000080000000,0x0000000082329730,0x0000000084300000)
 Metaspace       used 34015K, committed 34880K, reserved 1114112K
  class space    used 3390K, committed 3776K, reserved 1048576K
}
Event: 53.240 GC heap after
{Heap after GC invocations=30 (full 1):
 PSYoungGen      total 38912K, used 1408K [0x00000000d5580000, 0x00000000d8780000, 0x0000000100000000)
  eden space 37376K, 0% used [0x00000000d5580000,0x00000000d5580000,0x00000000d7a00000)
  from space 1536K, 91% used [0x00000000d7e80000,0x00000000d7fe0000,0x00000000d8000000)
  to   space 3584K, 0% used [0x00000000d8400000,0x00000000d8400000,0x00000000d8780000)
 ParOldGen       total 68608K, used 41157K [0x0000000080000000, 0x0000000084300000, 0x00000000d5580000)
  object space 68608K, 59% used [0x0000000080000000,0x00000000828316c8,0x0000000084300000)
 Metaspace       used 34015K, committed 34880K, reserved 1114112K
  class space    used 3390K, committed 3776K, reserved 1048576K
}
Event: 53.859 GC heap before
{Heap before GC invocations=31 (full 1):
 PSYoungGen      total 38912K, used 38784K [0x00000000d5580000, 0x00000000d8780000, 0x0000000100000000)
  eden space 37376K, 100% used [0x00000000d5580000,0x00000000d7a00000,0x00000000d7a00000)
  from space 1536K, 91% used [0x00000000d7e80000,0x00000000d7fe0000,0x00000000d8000000)
  to   space 3584K, 0% used [0x00000000d8400000,0x00000000d8400000,0x00000000d8780000)
 ParOldGen       total 68608K, used 41157K [0x0000000080000000, 0x0000000084300000, 0x00000000d5580000)
  object space 68608K, 59% used [0x0000000080000000,0x00000000828316c8,0x0000000084300000)
 Metaspace       used 34130K, committed 35008K, reserved 1114112K
  class space    used 3406K, committed 3776K, reserved 1048576K
}
Event: 53.890 GC heap after
{Heap after GC invocations=31 (full 1):
 PSYoungGen      total 39936K, used 3492K [0x00000000d5580000, 0x00000000d8780000, 0x0000000100000000)
  eden space 36352K, 0% used [0x00000000d5580000,0x00000000d5580000,0x00000000d7900000)
  from space 3584K, 97% used [0x00000000d8400000,0x00000000d8769010,0x00000000d8780000)
  to   space 4096K, 0% used [0x00000000d7f80000,0x00000000d7f80000,0x00000000d8380000)
 ParOldGen       total 68608K, used 42340K [0x0000000080000000, 0x0000000084300000, 0x00000000d5580000)
  object space 68608K, 61% used [0x0000000080000000,0x0000000082959078,0x0000000084300000)
 Metaspace       used 34130K, committed 35008K, reserved 1114112K
  class space    used 3406K, committed 3776K, reserved 1048576K
}
Event: 55.113 GC heap before
{Heap before GC invocations=32 (full 1):
 PSYoungGen      total 39936K, used 39585K [0x00000000d5580000, 0x00000000d8780000, 0x0000000100000000)
  eden space 36352K, 99% used [0x00000000d5580000,0x00000000d78bf540,0x00000000d7900000)
  from space 3584K, 97% used [0x00000000d8400000,0x00000000d8769010,0x00000000d8780000)
  to   space 4096K, 0% used [0x00000000d7f80000,0x00000000d7f80000,0x00000000d8380000)
 ParOldGen       total 68608K, used 42340K [0x0000000080000000, 0x0000000084300000, 0x00000000d5580000)
  object space 68608K, 61% used [0x0000000080000000,0x0000000082959078,0x0000000084300000)
 Metaspace       used 34917K, committed 35840K, reserved 1114112K
  class space    used 3519K, committed 3968K, reserved 1048576K
}
Event: 55.119 GC heap after
{Heap after GC invocations=32 (full 1):
 PSYoungGen      total 39424K, used 2845K [0x00000000d5580000, 0x00000000d8480000, 0x0000000100000000)
  eden space 36352K, 0% used [0x00000000d5580000,0x00000000d5580000,0x00000000d7900000)
  from space 3072K, 92% used [0x00000000d7f80000,0x00000000d82476a8,0x00000000d8280000)
  to   space 2048K, 0% used [0x00000000d8280000,0x00000000d8280000,0x00000000d8480000)
 ParOldGen       total 68608K, used 45661K [0x0000000080000000, 0x0000000084300000, 0x00000000d5580000)
  object space 68608K, 66% used [0x0000000080000000,0x0000000082c97600,0x0000000084300000)
 Metaspace       used 34917K, committed 35840K, reserved 1114112K
  class space    used 3519K, committed 3968K, reserved 1048576K
}
Event: 55.119 GC heap before
{Heap before GC invocations=33 (full 2):
 PSYoungGen      total 39424K, used 2845K [0x00000000d5580000, 0x00000000d8480000, 0x0000000100000000)
  eden space 36352K, 0% used [0x00000000d5580000,0x00000000d5580000,0x00000000d7900000)
  from space 3072K, 92% used [0x00000000d7f80000,0x00000000d82476a8,0x00000000d8280000)
  to   space 2048K, 0% used [0x00000000d8280000,0x00000000d8280000,0x00000000d8480000)
 ParOldGen       total 68608K, used 45661K [0x0000000080000000, 0x0000000084300000, 0x00000000d5580000)
  object space 68608K, 66% used [0x0000000080000000,0x0000000082c97600,0x0000000084300000)
 Metaspace       used 34917K, committed 35840K, reserved 1114112K
  class space    used 3519K, committed 3968K, reserved 1048576K
}
Event: 55.287 GC heap after
{Heap after GC invocations=33 (full 2):
 PSYoungGen      total 39424K, used 0K [0x00000000d5580000, 0x00000000d8480000, 0x0000000100000000)
  eden space 36352K, 0% used [0x00000000d5580000,0x00000000d5580000,0x00000000d7900000)
  from space 3072K, 0% used [0x00000000d7f80000,0x00000000d7f80000,0x00000000d8280000)
  to   space 2048K, 0% used [0x00000000d8280000,0x00000000d8280000,0x00000000d8480000)
 ParOldGen       total 68608K, used 34032K [0x0000000080000000, 0x0000000084300000, 0x00000000d5580000)
  object space 68608K, 49% used [0x0000000080000000,0x000000008213c000,0x0000000084300000)
 Metaspace       used 34917K, committed 35840K, reserved 1114112K
  class space    used 3519K, committed 3968K, reserved 1048576K
}
Event: 56.861 GC heap before
{Heap before GC invocations=34 (full 2):
 PSYoungGen      total 39424K, used 36352K [0x00000000d5580000, 0x00000000d8480000, 0x0000000100000000)
  eden space 36352K, 100% used [0x00000000d5580000,0x00000000d7900000,0x00000000d7900000)
  from space 3072K, 0% used [0x00000000d7f80000,0x00000000d7f80000,0x00000000d8280000)
  to   space 2048K, 0% used [0x00000000d8280000,0x00000000d8280000,0x00000000d8480000)
 ParOldGen       total 68608K, used 34032K [0x0000000080000000, 0x0000000084300000, 0x00000000d5580000)
  object space 68608K, 49% used [0x0000000080000000,0x000000008213c000,0x0000000084300000)
 Metaspace       used 37569K, committed 38528K, reserved 1114112K
  class space    used 3810K, committed 4224K, reserved 1048576K
}
Event: 56.863 GC heap after
{Heap after GC invocations=34 (full 2):
 PSYoungGen      total 36352K, used 856K [0x00000000d5580000, 0x00000000d8380000, 0x0000000100000000)
  eden space 35328K, 0% used [0x00000000d5580000,0x00000000d5580000,0x00000000d7800000)
  from space 1024K, 83% used [0x00000000d8280000,0x00000000d83562e8,0x00000000d8380000)
  to   space 2048K, 0% used [0x00000000d7f80000,0x00000000d7f80000,0x00000000d8180000)
 ParOldGen       total 68608K, used 34040K [0x0000000080000000, 0x0000000084300000, 0x00000000d5580000)
  object space 68608K, 49% used [0x0000000080000000,0x000000008213e000,0x0000000084300000)
 Metaspace       used 37569K, committed 38528K, reserved 1114112K
  class space    used 3810K, committed 4224K, reserved 1048576K
}
Event: 57.001 GC heap before
{Heap before GC invocations=35 (full 2):
 PSYoungGen      total 36352K, used 36184K [0x00000000d5580000, 0x00000000d8380000, 0x0000000100000000)
  eden space 35328K, 100% used [0x00000000d5580000,0x00000000d7800000,0x00000000d7800000)
  from space 1024K, 83% used [0x00000000d8280000,0x00000000d83562e8,0x00000000d8380000)
  to   space 2048K, 0% used [0x00000000d7f80000,0x00000000d7f80000,0x00000000d8180000)
 ParOldGen       total 68608K, used 34040K [0x0000000080000000, 0x0000000084300000, 0x00000000d5580000)
  object space 68608K, 49% used [0x0000000080000000,0x000000008213e000,0x0000000084300000)
 Metaspace       used 38304K, committed 39296K, reserved 1114112K
  class space    used 3857K, committed 4288K, reserved 1048576K
}
Event: 57.003 GC heap after
{Heap after GC invocations=35 (full 2):
 PSYoungGen      total 36352K, used 1887K [0x00000000d5580000, 0x00000000d8300000, 0x0000000100000000)
  eden space 34304K, 0% used [0x00000000d5580000,0x00000000d5580000,0x00000000d7700000)
  from space 2048K, 92% used [0x00000000d7f80000,0x00000000d8157e70,0x00000000d8180000)
  to   space 1536K, 0% used [0x00000000d8180000,0x00000000d8180000,0x00000000d8300000)
 ParOldGen       total 68608K, used 34790K [0x0000000080000000, 0x0000000084300000, 0x00000000d5580000)
  object space 68608K, 50% used [0x0000000080000000,0x00000000821f9b48,0x0000000084300000)
 Metaspace       used 38304K, committed 39296K, reserved 1114112K
  class space    used 3857K, committed 4288K, reserved 1048576K
}

